INFO 2024-04-09 22:30:15,500 views  Main page accessed
INFO 2024-04-09 22:30:15,500 basehttp  "GET / HTTP/1.1" 200 15
INFO 2024-04-09 22:30:23,776 views  Главная страница загружена
INFO 2024-04-09 22:30:23,777 basehttp  "GET / HTTP/1.1" 200 15
INFO 2024-04-09 22:30:25,812 views  Главная страница загружена
INFO 2024-04-09 22:30:25,813 basehttp  "GET / HTTP/1.1" 200 15
INFO 2024-04-09 22:30:26,748 views  Страница "о нас" загружена
INFO 2024-04-09 22:30:26,748 basehttp  "GET /about/ HTTP/1.1" 200 16
INFO 2024-04-09 22:39:21,279 autoreload  Watching for file changes with StatReloader
INFO 2024-04-09 22:39:29,261 views  Главная страница загружена
INFO 2024-04-09 22:39:29,262 basehttp  "GET / HTTP/1.1" 200 411
INFO 2024-04-09 22:39:45,462 views  Главная страница загружена
INFO 2024-04-09 22:39:45,462 basehttp  "GET / HTTP/1.1" 200 411
INFO 2024-04-09 22:39:47,971 views  Главная страница загружена
INFO 2024-04-09 22:39:47,972 basehttp  "GET / HTTP/1.1" 200 411
INFO 2024-04-09 22:39:49,101 views  Страница "о нас" загружена
INFO 2024-04-09 22:39:49,102 basehttp  "GET /about/ HTTP/1.1" 200 412
INFO 2024-04-09 22:47:13,568 autoreload  /Users/Asus/FrameworkDjango/Django_HW/django_homework/views.py changed, reloading.
INFO 2024-04-09 22:47:13,882 autoreload  Watching for file changes with StatReloader
INFO 2024-04-09 22:47:57,814 views  Main page accessed
INFO 2024-04-09 22:47:57,815 basehttp  "GET / HTTP/1.1" 200 707INFO 2024-04-13 05:42:49,671 autoreload  Watching for file changes with StatReloader
WARNING 2024-04-13 05:42:55,633 log  Not Found: /
WARNING 2024-04-13 05:42:55,633 basehttp  "GET / HTTP/1.1" 404 2790
WARNING 2024-04-13 05:42:55,722 log  Not Found: /favicon.ico
WARNING 2024-04-13 05:42:55,722 basehttp  "GET /favicon.ico HTTP/1.1" 404 2841
INFO 2024-04-13 05:43:25,972 autoreload  D:\Learning\FrameworkDjango\Django_HW\django_homework\django_homework\urls.py changed, reloading.
INFO 2024-04-13 05:43:26,349 autoreload  Watching for file changes with StatReloader
INFO 2024-04-13 05:43:27,113 basehttp  "GET / HTTP/1.1" 200 1080
INFO 2024-04-13 05:43:33,745 basehttp  "GET / HTTP/1.1" 200 1080
INFO 2024-04-13 05:43:35,488 basehttp  "GET /about/ HTTP/1.1" 200 848
INFO 2024-04-13 05:43:36,643 basehttp  "GET / HTTP/1.1" 200 1080
INFO 2024-04-13 05:43:37,619 basehttp  "GET /about/ HTTP/1.1" 200 848
INFO 2024-04-13 05:43:38,277 basehttp  "GET / HTTP/1.1" 200 1080
INFO 2024-04-13 05:44:04,009 basehttp  "GET /app2 HTTP/1.1" 301 0
INFO 2024-04-13 05:44:04,012 basehttp  "GET /app2/ HTTP/1.1" 200 1080
INFO 2024-04-13 05:44:09,554 basehttp  "GET /app2/ HTTP/1.1" 200 1080
INFO 2024-04-13 05:44:41,532 autoreload  D:\Learning\FrameworkDjango\Django_HW\django_homework\django_homework\urls.py changed, reloading.
INFO 2024-04-13 05:44:41,907 autoreload  Watching for file changes with StatReloader
INFO 2024-04-13 05:44:45,364 basehttp  "GET /app2/ HTTP/1.1" 200 1080
INFO 2024-04-13 05:44:46,088 basehttp  "GET /app2/ HTTP/1.1" 200 1080
INFO 2024-04-13 05:44:48,060 basehttp  "GET /app2/ HTTP/1.1" 200 1080
WARNING 2024-04-13 05:44:50,793 log  Not Found: /
WARNING 2024-04-13 05:44:50,794 basehttp  "GET / HTTP/1.1" 404 2686
WARNING 2024-04-13 05:44:52,013 log  Not Found: /
WARNING 2024-04-13 05:44:52,014 basehttp  "GET / HTTP/1.1" 404 2686
WARNING 2024-04-13 05:44:52,248 log  Not Found: /
WARNING 2024-04-13 05:44:52,250 basehttp  "GET / HTTP/1.1" 404 2686
WARNING 2024-04-13 05:44:52,475 log  Not Found: /
WARNING 2024-04-13 05:44:52,475 basehttp  "GET / HTTP/1.1" 404 2686
INFO 2024-04-13 05:45:17,024 autoreload  Watching for file changes with StatReloader
WARNING 2024-04-13 05:45:23,852 log  Not Found: /
WARNING 2024-04-13 05:45:23,852 basehttp  "GET / HTTP/1.1" 404 2686
WARNING 2024-04-13 06:12:34,069 log  Not Found: /app2/client
WARNING 2024-04-13 06:12:34,069 basehttp  "GET /app2/client HTTP/1.1" 404 2973
WARNING 2024-04-13 06:13:34,063 log  Not Found: /app2/clients
WARNING 2024-04-13 06:13:34,063 basehttp  "GET /app2/clients HTTP/1.1" 404 2976
WARNING 2024-04-13 06:13:55,440 log  Not Found: /app2/orders
WARNING 2024-04-13 06:13:55,440 basehttp  "GET /app2/orders HTTP/1.1" 404 2973
INFO 2024-04-13 06:14:57,838 autoreload  D:\Learning\FrameworkDjango\Django_HW\django_homework\django_homework\urls.py changed, reloading.
INFO 2024-04-13 06:14:58,220 autoreload  Watching for file changes with StatReloader
WARNING 2024-04-13 06:15:05,851 log  Not Found: /app2/orders
WARNING 2024-04-13 06:15:05,852 basehttp  "GET /app2/orders HTTP/1.1" 404 2791
WARNING 2024-04-13 06:15:07,591 log  Not Found: /app2/orders
WARNING 2024-04-13 06:15:07,591 basehttp  "GET /app2/orders HTTP/1.1" 404 2791
INFO 2024-04-13 06:15:17,807 autoreload  Watching for file changes with StatReloader
INFO 2024-04-13 06:15:21,222 basehttp  "GET / HTTP/1.1" 200 1080
INFO 2024-04-13 06:15:30,203 basehttp  "GET /app2/ HTTP/1.1" 200 1080
WARNING 2024-04-13 06:15:42,668 log  Not Found: /app2/clients
WARNING 2024-04-13 06:15:42,668 basehttp  "GET /app2/clients HTTP/1.1" 404 2794
INFO 2024-04-13 06:16:38,258 autoreload  D:\Learning\FrameworkDjango\Django_HW\django_homework\django_homework\urls.py changed, reloading.
INFO 2024-04-13 06:16:38,657 autoreload  Watching for file changes with StatReloader
INFO 2024-04-13 06:16:41,336 basehttp  "GET /app2/clients HTTP/1.1" 301 0
INFO 2024-04-13 06:16:41,340 basehttp  "GET /app2/clients/ HTTP/1.1" 200 2
INFO 2024-04-13 06:16:52,387 basehttp  "GET /app2/clients/ HTTP/1.1" 200 2
INFO 2024-04-13 06:17:05,165 basehttp  "GET /app2/orders/ HTTP/1.1" 200 0
INFO 2024-04-13 06:41:06,665 autoreload  Watching for file changes with StatReloader
INFO 2024-04-13 06:41:10,303 basehttp  "GET / HTTP/1.1" 200 1080
WARNING 2024-04-13 06:41:23,063 log  Not Found: /app2/
WARNING 2024-04-13 06:41:23,064 basehttp  "GET /app2/ HTTP/1.1" 404 2960
INFO 2024-04-13 06:41:46,939 basehttp  "GET /app2/clients/ HTTP/1.1" 200 2
